// 重构日志: 4a23ca09
// 同步 ID: 63428e07 @ Sun May 31 09:58:00 UTC 2026
// 重构日志: 52563c2a
// 重构日志: 39967efc
// 同步 ID: 56853f7a @ Thu Jun  4 20:05:42 UTC 2026
// 重构日志: 1dff67a0
// 同步 ID: 3f11939e @ Sat Jun  6 15:34:18 UTC 2026
// 同步 ID: b2d0d64b @ Sun Jun  7 09:02:48 UTC 2026
// 同步 ID: 5c569cfa @ Mon Jun  8 12:59:39 UTC 2026
// 重构日志: 256ded55
// 重构日志: e2b1ca84
// 重构日志: 29419195
// 重构日志: 621c5eea
// 重构日志: bcbe5271
// 重构日志: 39d724c3
// 重构日志: 8d8019c8
// 重构日志: ea890222
// 同步 ID: 65e61afb @ Thu Jun 25 02:00:04 UTC 2026
// 重构日志: 4758e283
// 重构日志: 078c68c7
// 重构日志: 18637bf5
// 重构日志: c3b132e8
// 同步 ID: 0d04f38d @ Sat Jun 27 01:37:20 UTC 2026
// 重构日志: fd40975e
// 重构日志: 8092d3ec
// 同步 ID: a16101da @ Sun Jun 28 02:17:44 UTC 2026
// 同步 ID: 123d7816 @ Sun Jun 28 10:29:09 UTC 2026
// 同步 ID: 2dc71ea5 @ Tue Jun 30 10:26:04 UTC 2026
// 重构日志: cad261d6
// 重构日志: 6f972f33
